2026-03-07 13:18:26.289 Please replace `use_container_width` with `width`.

`use_container_width` will be removed after 2025-12-31.

For `use_container_width=True`, use `width='stretch'`. For `use_container_width=False`, use `width='content'`.
2026-03-07 13:18:26.550 Please replace `use_container_width` with `width`.

`use_container_width` will be removed after 2025-12-31.

For `use_container_width=True`, use `width='stretch'`. For `use_container_width=False`, use `width='content'`.
2026-03-07 13:18:26.557 Please replace `use_container_width` with `width`.

`use_container_width` will be removed after 2025-12-31.

For `use_container_width=True`, use `width='stretch'`. For `use_container_width=False`, use `width='content'`.
2026-03-07 13:18:26.566 Please replace `use_container_width` with `width`.

`use_container_width` will be removed after 2025-12-31.

For `use_container_width=True`, use `width='stretch'`. For `use_container_width=False`, use `width='content'`.
2026-03-07 13:19:19.245 Uncaught app execution
Traceback (most recent call last):
  File "C:\Users\Hugo\Desktop\Thesis\Medical-IoMT-\.venv\lib\site-packages\pandas\core\indexes\base.py", line 3812, in get_loc
    return self._engine.get_loc(casted_key)
  File "pandas/_libs/index.pyx", line 167, in pandas._libs.index.IndexEngine.get_loc
  File "pandas/_libs/index.pyx", line 191, in pandas._libs.index.IndexEngine.get_loc
  File "pandas/_libs/index.pyx", line 234, in pandas._libs.index.IndexEngine._get_loc_duplicates
  File "pandas/_libs/index.pyx", line 242, in pandas._libs.index.IndexEngine._maybe_get_bool_indexer
  File "pandas/_libs/index.pyx", line 134, in pandas._libs.index._unpack_bool_indexer
KeyError: 'prediction_label'

The above exception was the direct cause of the following exception:

Traceback (most recent call last):
  File "C:\Users\Hugo\Desktop\Thesis\Medical-IoMT-\.venv\lib\site-packages\pandas\core\frame.py", line 4496, in _set_item_mgr
    loc = self._info_axis.get_loc(key)
  File "C:\Users\Hugo\Desktop\Thesis\Medical-IoMT-\.venv\lib\site-packages\pandas\core\indexes\base.py", line 3819, in get_loc
    raise KeyError(key) from err
KeyError: 'prediction_label'

During handling of the above exception, another exception occurred:

Traceback (most recent call last):
  File "C:\Users\Hugo\Desktop\Thesis\Medical-IoMT-\.venv\lib\site-packages\streamlit\runtime\scriptrunner\exec_code.py", line 128, in exec_func_with_error_handling
    result = func()
  File "C:\Users\Hugo\Desktop\Thesis\Medical-IoMT-\.venv\lib\site-packages\streamlit\runtime\scriptrunner\script_runner.py", line 669, in code_to_exec
    exec(code, module.__dict__)  # noqa: S102
  File "C:\Users\Hugo\Desktop\Thesis\Medical-IoMT-\scripts\ids_xgb_interpretability_ui.py", line 368, in <module>
    main()
  File "C:\Users\Hugo\Desktop\Thesis\Medical-IoMT-\scripts\ids_xgb_interpretability_ui.py", line 247, in main
    scored = score_flows(row_df, runtime)
  File "C:\Users\Hugo\Desktop\Thesis\Medical-IoMT-\scripts\ids_xgb_interpretability_ui.py", line 128, in score_flows
    out["prediction_label"] = np.where(out["prediction"] == 1, "attack", "benign")
  File "C:\Users\Hugo\Desktop\Thesis\Medical-IoMT-\.venv\lib\site-packages\pandas\core\frame.py", line 4322, in __setitem__
    self._set_item(key, value)
  File "C:\Users\Hugo\Desktop\Thesis\Medical-IoMT-\.venv\lib\site-packages\pandas\core\frame.py", line 4549, in _set_item
    self._set_item_mgr(key, value, refs)
  File "C:\Users\Hugo\Desktop\Thesis\Medical-IoMT-\.venv\lib\site-packages\pandas\core\frame.py", line 4499, in _set_item_mgr
    self._mgr.insert(len(self._info_axis), key, value, refs)
  File "C:\Users\Hugo\Desktop\Thesis\Medical-IoMT-\.venv\lib\site-packages\pandas\core\internals\managers.py", line 1389, in insert
    raise ValueError(
ValueError: Expected a 1D array, got an array with shape (1, 2)
2026-03-07 13:19:21.312 Please replace `use_container_width` with `width`.

`use_container_width` will be removed after 2025-12-31.

For `use_container_width=True`, use `width='stretch'`. For `use_container_width=False`, use `width='content'`.
2026-03-07 13:19:21.329 Please replace `use_container_width` with `width`.

`use_container_width` will be removed after 2025-12-31.

For `use_container_width=True`, use `width='stretch'`. For `use_container_width=False`, use `width='content'`.
2026-03-07 13:19:21.336 Please replace `use_container_width` with `width`.

`use_container_width` will be removed after 2025-12-31.

For `use_container_width=True`, use `width='stretch'`. For `use_container_width=False`, use `width='content'`.
2026-03-07 13:19:21.346 Please replace `use_container_width` with `width`.

`use_container_width` will be removed after 2025-12-31.

For `use_container_width=True`, use `width='stretch'`. For `use_container_width=False`, use `width='content'`.
2026-03-07 13:19:42.718 Please replace `use_container_width` with `width`.

`use_container_width` will be removed after 2025-12-31.

For `use_container_width=True`, use `width='stretch'`. For `use_container_width=False`, use `width='content'`.
2026-03-07 13:19:42.732 Please replace `use_container_width` with `width`.

`use_container_width` will be removed after 2025-12-31.

For `use_container_width=True`, use `width='stretch'`. For `use_container_width=False`, use `width='content'`.
2026-03-07 13:19:42.737 Please replace `use_container_width` with `width`.

`use_container_width` will be removed after 2025-12-31.

For `use_container_width=True`, use `width='stretch'`. For `use_container_width=False`, use `width='content'`.
2026-03-07 13:19:42.749 Please replace `use_container_width` with `width`.

`use_container_width` will be removed after 2025-12-31.

For `use_container_width=True`, use `width='stretch'`. For `use_container_width=False`, use `width='content'`.
