=== Job bootstrap ===
Host: haskell
Date: Fri Mar  6 00:05:12 CET 2026
CUDA_VISIBLE_DEVICES=0
Fri Mar  6 00:05:12 2026       
+-----------------------------------------------------------------------------------------+
| NVIDIA-SMI 580.126.09             Driver Version: 580.126.09     CUDA Version: 13.0     |
+-----------------------------------------+------------------------+----------------------+
| GPU  Name                 Persistence-M | Bus-Id          Disp.A | Volatile Uncorr. ECC |
| Fan  Temp   Perf          Pwr:Usage/Cap |           Memory-Usage | GPU-Util  Compute M. |
|                                         |                        |               MIG M. |
|=========================================+========================+======================|
|   0  NVIDIA RTX 6000 Ada Gene...    On  |   00000000:11:00.0 Off |                  Off |
| 30%   21C    P8             24W /  300W |       1MiB /  49140MiB |      0%      Default |
|                                         |                        |                  N/A |
+-----------------------------------------+------------------------+----------------------+
|   1  NVIDIA RTX 6000 Ada Gene...    On  |   00000000:61:00.0 Off |                  Off |
| 30%   53C    P2            299W /  300W |   25890MiB /  49140MiB |    100%      Default |
|                                         |                        |                  N/A |
+-----------------------------------------+------------------------+----------------------+

+-----------------------------------------------------------------------------------------+
| Processes:                                                                              |
|  GPU   GI   CI              PID   Type   Process name                        GPU Memory |
|        ID   ID                                                               Usage      |
|=========================================================================================|
|    1   N/A  N/A          168695      C   ...ge3/envs/myproject/bin/python      25870MiB |
+-----------------------------------------------------------------------------------------+
Requirement already satisfied: pip in /scratch/capstone15/ids-gpu-venv/lib/python3.13/site-packages (25.1.1)
Collecting pip
  Using cached pip-26.0.1-py3-none-any.whl.metadata (4.7 kB)
Collecting setuptools
  Downloading setuptools-82.0.0-py3-none-any.whl.metadata (6.6 kB)
Collecting wheel
  Downloading wheel-0.46.3-py3-none-any.whl.metadata (2.4 kB)
Collecting packaging>=24.0 (from wheel)
  Using cached packaging-26.0-py3-none-any.whl.metadata (3.3 kB)
Using cached pip-26.0.1-py3-none-any.whl (1.8 MB)
Downloading setuptools-82.0.0-py3-none-any.whl (1.0 MB)
   ━━━━━━━━━━━━━━━━━━━━━━━━━━━━━━━━━━━━━━━━ 1.0/1.0 MB 4.5 MB/s eta 0:00:00
Downloading wheel-0.46.3-py3-none-any.whl (30 kB)
Using cached packaging-26.0-py3-none-any.whl (74 kB)
Installing collected packages: setuptools, pip, packaging, wheel
  Attempting uninstall: pip
    Found existing installation: pip 25.1.1
    Uninstalling pip-25.1.1:
      Successfully uninstalled pip-25.1.1

Successfully installed packaging-26.0 pip-26.0.1 setuptools-82.0.0 wheel-0.46.3
Collecting numpy
  Using cached numpy-2.4.2-cp313-cp313-manylinux_2_27_x86_64.manylinux_2_28_x86_64.whl.metadata (6.6 kB)
Collecting pandas
  Using cached pandas-3.0.1-cp313-cp313-manylinux_2_24_x86_64.manylinux_2_28_x86_64.whl.metadata (79 kB)
Collecting scikit-learn
  Using cached scikit_learn-1.8.0-cp313-cp313-manylinux_2_27_x86_64.manylinux_2_28_x86_64.whl.metadata (11 kB)
Collecting xgboost
  Downloading xgboost-3.2.0-py3-none-manylinux_2_28_x86_64.whl.metadata (2.1 kB)
Collecting catboost
  Downloading catboost-1.2.10-cp313-cp313-manylinux2014_x86_64.whl.metadata (1.4 kB)
Collecting python-dateutil>=2.8.2 (from pandas)
  Using cached python_dateutil-2.9.0.post0-py2.py3-none-any.whl.metadata (8.4 kB)
Collecting scipy>=1.10.0 (from scikit-learn)
  Using cached scipy-1.17.1-cp313-cp313-manylinux_2_27_x86_64.manylinux_2_28_x86_64.whl.metadata (62 kB)
Collecting joblib>=1.3.0 (from scikit-learn)
  Using cached joblib-1.5.3-py3-none-any.whl.metadata (5.5 kB)
Collecting threadpoolctl>=3.2.0 (from scikit-learn)
  Using cached threadpoolctl-3.6.0-py3-none-any.whl.metadata (13 kB)
Collecting nvidia-nccl-cu12 (from xgboost)
  Downloading nvidia_nccl_cu12-2.29.7-py3-none-manylinux_2_18_x86_64.whl.metadata (2.1 kB)
Collecting graphviz (from catboost)
  Downloading graphviz-0.21-py3-none-any.whl.metadata (12 kB)
Collecting matplotlib (from catboost)
  Downloading matplotlib-3.10.8-cp313-cp313-manylinux2014_x86_64.manylinux_2_17_x86_64.whl.metadata (52 kB)
Collecting plotly (from catboost)
  Downloading plotly-6.6.0-py3-none-any.whl.metadata (8.5 kB)
Collecting six (from catboost)
  Using cached six-1.17.0-py2.py3-none-any.whl.metadata (1.7 kB)
Collecting contourpy>=1.0.1 (from matplotlib->catboost)
  Downloading contourpy-1.3.3-cp313-cp313-manylinux_2_27_x86_64.manylinux_2_28_x86_64.whl.metadata (5.5 kB)
Collecting cycler>=0.10 (from matplotlib->catboost)
  Downloading cycler-0.12.1-py3-none-any.whl.metadata (3.8 kB)
Collecting fonttools>=4.22.0 (from matplotlib->catboost)
  Downloading fonttools-4.61.1-cp313-cp313-manylinux1_x86_64.manylinux2014_x86_64.manylinux_2_17_x86_64.manylinux_2_5_x86_64.whl.metadata (114 kB)
Collecting kiwisolver>=1.3.1 (from matplotlib->catboost)
  Downloading kiwisolver-1.4.9-cp313-cp313-manylinux2014_x86_64.manylinux_2_17_x86_64.whl.metadata (6.3 kB)
Requirement already satisfied: packaging>=20.0 in /scratch/capstone15/ids-gpu-venv/lib/python3.13/site-packages (from matplotlib->catboost) (26.0)
Collecting pillow>=8 (from matplotlib->catboost)
  Downloading pillow-12.1.1-cp313-cp313-manylinux_2_27_x86_64.manylinux_2_28_x86_64.whl.metadata (8.8 kB)
Collecting pyparsing>=3 (from matplotlib->catboost)
  Downloading pyparsing-3.3.2-py3-none-any.whl.metadata (5.8 kB)
Collecting narwhals>=1.15.1 (from plotly->catboost)
  Downloading narwhals-2.17.0-py3-none-any.whl.metadata (14 kB)
Using cached numpy-2.4.2-cp313-cp313-manylinux_2_27_x86_64.manylinux_2_28_x86_64.whl (16.6 MB)
Using cached pandas-3.0.1-cp313-cp313-manylinux_2_24_x86_64.manylinux_2_28_x86_64.whl (10.9 MB)
Using cached scikit_learn-1.8.0-cp313-cp313-manylinux_2_27_x86_64.manylinux_2_28_x86_64.whl (8.9 MB)
Downloading xgboost-3.2.0-py3-none-manylinux_2_28_x86_64.whl (131.7 MB)
   ━━━━━━━━━━━━━━━━━━━━━━━━━━━━━━━━━━━━━━━━ 131.7/131.7 MB 5.9 MB/s  0:00:22
Downloading catboost-1.2.10-cp313-cp313-manylinux2014_x86_64.whl (97.1 MB)
   ━━━━━━━━━━━━━━━━━━━━━━━━━━━━━━━━━━━━━━━━ 97.1/97.1 MB 5.8 MB/s  0:00:16
Using cached joblib-1.5.3-py3-none-any.whl (309 kB)
Using cached python_dateutil-2.9.0.post0-py2.py3-none-any.whl (229 kB)
Using cached scipy-1.17.1-cp313-cp313-manylinux_2_27_x86_64.manylinux_2_28_x86_64.whl (35.2 MB)
Using cached six-1.17.0-py2.py3-none-any.whl (11 kB)
Using cached threadpoolctl-3.6.0-py3-none-any.whl (18 kB)
Downloading graphviz-0.21-py3-none-any.whl (47 kB)
Downloading matplotlib-3.10.8-cp313-cp313-manylinux2014_x86_64.manylinux_2_17_x86_64.whl (8.7 MB)
   ━━━━━━━━━━━━━━━━━━━━━━━━━━━━━━━━━━━━━━━━ 8.7/8.7 MB 5.7 MB/s  0:00:01
Downloading contourpy-1.3.3-cp313-cp313-manylinux_2_27_x86_64.manylinux_2_28_x86_64.whl (362 kB)
Downloading cycler-0.12.1-py3-none-any.whl (8.3 kB)
Downloading fonttools-4.61.1-cp313-cp313-manylinux1_x86_64.manylinux2014_x86_64.manylinux_2_17_x86_64.manylinux_2_5_x86_64.whl (4.9 MB)
   ━━━━━━━━━━━━━━━━━━━━━━━━━━━━━━━━━━━━━━━━ 4.9/4.9 MB 5.6 MB/s  0:00:00
Downloading kiwisolver-1.4.9-cp313-cp313-manylinux2014_x86_64.manylinux_2_17_x86_64.whl (1.5 MB)
   ━━━━━━━━━━━━━━━━━━━━━━━━━━━━━━━━━━━━━━━━ 1.5/1.5 MB 5.0 MB/s  0:00:00
Downloading pillow-12.1.1-cp313-cp313-manylinux_2_27_x86_64.manylinux_2_28_x86_64.whl (7.0 MB)
   ━━━━━━━━━━━━━━━━━━━━━━━━━━━━━━━━━━━━━━━━ 7.0/7.0 MB 5.6 MB/s  0:00:01
Downloading pyparsing-3.3.2-py3-none-any.whl (122 kB)
Downloading nvidia_nccl_cu12-2.29.7-py3-none-manylinux_2_18_x86_64.whl (293.6 MB)
   ━━━━━━━━━━━━━━━━━━━━━━━━━━━━━━━━━━━━━━━━ 293.6/293.6 MB 1.9 MB/s  0:00:50
Downloading plotly-6.6.0-py3-none-any.whl (9.9 MB)
   ━━━━━━━━━━━━━━━━━━━━━━━━━━━━━━━━━━━━━━━━ 9.9/9.9 MB 5.7 MB/s  0:00:01
Downloading narwhals-2.17.0-py3-none-any.whl (444 kB)
Installing collected packages: threadpoolctl, six, pyparsing, pillow, nvidia-nccl-cu12, numpy, narwhals, kiwisolver, joblib, graphviz, fonttools, cycler, scipy, python-dateutil, plotly, contourpy, xgboost, scikit-learn, pandas, matplotlib, catboost

Successfully installed catboost-1.2.10 contourpy-1.3.3 cycler-0.12.1 fonttools-4.61.1 graphviz-0.21 joblib-1.5.3 kiwisolver-1.4.9 matplotlib-3.10.8 narwhals-2.17.0 numpy-2.4.2 nvidia-nccl-cu12-2.29.7 pandas-3.0.1 pillow-12.1.1 plotly-6.6.0 pyparsing-3.3.2 python-dateutil-2.9.0.post0 scikit-learn-1.8.0 scipy-1.17.1 six-1.17.0 threadpoolctl-3.6.0 xgboost-3.2.0
Looking in indexes: https://download.pytorch.org/whl/cu124
Collecting torch
  Downloading https://download.pytorch.org/whl/cu124/torch-2.6.0%2Bcu124-cp313-cp313-linux_x86_64.whl.metadata (28 kB)
Collecting filelock (from torch)
  Downloading filelock-3.20.0-py3-none-any.whl.metadata (2.1 kB)
Collecting typing-extensions>=4.10.0 (from torch)
  Downloading https://download.pytorch.org/whl/typing_extensions-4.15.0-py3-none-any.whl.metadata (3.3 kB)
Collecting networkx (from torch)
  Downloading networkx-3.6.1-py3-none-any.whl.metadata (6.8 kB)
Collecting jinja2 (from torch)
  Downloading https://download.pytorch.org/whl/jinja2-3.1.6-py3-none-any.whl.metadata (2.9 kB)
Collecting fsspec (from torch)
  Downloading fsspec-2025.12.0-py3-none-any.whl.metadata (10 kB)
Collecting nvidia-cuda-nvrtc-cu12==12.4.127 (from torch)
  Downloading https://download.pytorch.org/whl/cu124/nvidia_cuda_nvrtc_cu12-12.4.127-py3-none-manylinux2014_x86_64.whl (24.6 MB)
     ━━━━━━━━━━━━━━━━━━━━━━━━━━━━━━━━━━━━━━━━ 24.6/24.6 MB 5.8 MB/s  0:00:04
Collecting nvidia-cuda-runtime-cu12==12.4.127 (from torch)
  Downloading https://download.pytorch.org/whl/cu124/nvidia_cuda_runtime_cu12-12.4.127-py3-none-manylinux2014_x86_64.whl (883 kB)
     ━━━━━━━━━━━━━━━━━━━━━━━━━━━━━━━━━━━━━━━━ 883.7/883.7 kB 4.4 MB/s  0:00:00
Collecting nvidia-cuda-cupti-cu12==12.4.127 (from torch)
  Downloading https://download.pytorch.org/whl/cu124/nvidia_cuda_cupti_cu12-12.4.127-py3-none-manylinux2014_x86_64.whl (13.8 MB)
     ━━━━━━━━━━━━━━━━━━━━━━━━━━━━━━━━━━━━━━━━ 13.8/13.8 MB 5.8 MB/s  0:00:02
Collecting nvidia-cudnn-cu12==9.1.0.70 (from torch)
  Downloading https://download.pytorch.org/whl/cu124/nvidia_cudnn_cu12-9.1.0.70-py3-none-manylinux2014_x86_64.whl (664.8 MB)
     ━━━━━━━━━━━━━━━━━━━━━━━━━━━━━━━━━━━━━━━━ 664.8/664.8 MB ?  0:01:54
Collecting nvidia-cublas-cu12==12.4.5.8 (from torch)
  Downloading https://download.pytorch.org/whl/cu124/nvidia_cublas_cu12-12.4.5.8-py3-none-manylinux2014_x86_64.whl (363.4 MB)
     ━━━━━━━━━━━━━━━━━━━━━━━━━━━━━━━━━━━━━━━━ 363.4/363.4 MB ?  0:01:02
Collecting nvidia-cufft-cu12==11.2.1.3 (from torch)
  Downloading https://download.pytorch.org/whl/cu124/nvidia_cufft_cu12-11.2.1.3-py3-none-manylinux2014_x86_64.whl (211.5 MB)
     ━━━━━━━━━━━━━━━━━━━━━━━━━━━━━━━━━━━━━━━━ 211.5/211.5 MB 4.6 MB/s  0:00:36
Collecting nvidia-curand-cu12==10.3.5.147 (from torch)
  Downloading https://download.pytorch.org/whl/cu124/nvidia_curand_cu12-10.3.5.147-py3-none-manylinux2014_x86_64.whl (56.3 MB)
     ━━━━━━━━━━━━━━━━━━━━━━━━━━━━━━━━━━━━━━━━ 56.3/56.3 MB 5.9 MB/s  0:00:09
Collecting nvidia-cusolver-cu12==11.6.1.9 (from torch)
  Downloading https://download.pytorch.org/whl/cu124/nvidia_cusolver_cu12-11.6.1.9-py3-none-manylinux2014_x86_64.whl (127.9 MB)
     ━━━━━━━━━━━━━━━━━━━━━━━━━━━━━━━━━━━━━━━━ 127.9/127.9 MB 5.8 MB/s  0:00:22
Collecting nvidia-cusparse-cu12==12.3.1.170 (from torch)
  Downloading https://download.pytorch.org/whl/cu124/nvidia_cusparse_cu12-12.3.1.170-py3-none-manylinux2014_x86_64.whl (207.5 MB)
     ━━━━━━━━━━━━━━━━━━━━━━━━━━━━━━━━━━━━━━━━ 207.5/207.5 MB 4.7 MB/s  0:00:35
Collecting nvidia-cusparselt-cu12==0.6.2 (from torch)
  Downloading https://download.pytorch.org/whl/cu124/nvidia_cusparselt_cu12-0.6.2-py3-none-manylinux2014_x86_64.whl.metadata (6.8 kB)
Collecting nvidia-nccl-cu12==2.21.5 (from torch)
  Downloading https://download.pytorch.org/whl/nvidia_nccl_cu12-2.21.5-py3-none-manylinux2014_x86_64.whl (188.7 MB)
     ━━━━━━━━━━━━━━━━━━━━━━━━━━━━━━━━━━━━━━━━ 188.7/188.7 MB 5.3 MB/s  0:00:32
Collecting nvidia-nvtx-cu12==12.4.127 (from torch)
  Downloading https://download.pytorch.org/whl/cu124/nvidia_nvtx_cu12-12.4.127-py3-none-manylinux2014_x86_64.whl (99 kB)
Collecting nvidia-nvjitlink-cu12==12.4.127 (from torch)
  Downloading https://download.pytorch.org/whl/cu124/nvidia_nvjitlink_cu12-12.4.127-py3-none-manylinux2014_x86_64.whl (21.1 MB)
     ━━━━━━━━━━━━━━━━━━━━━━━━━━━━━━━━━━━━━━━━ 21.1/21.1 MB 5.8 MB/s  0:00:03
Collecting triton==3.2.0 (from torch)
  Downloading https://download.pytorch.org/whl/triton-3.2.0-cp313-cp313-manylinux_2_27_x86_64.manylinux_2_28_x86_64.whl.metadata (1.4 kB)
Requirement already satisfied: setuptools in /scratch/capstone15/ids-gpu-venv/lib/python3.13/site-packages (from torch) (82.0.0)
Collecting sympy==1.13.1 (from torch)
  Downloading sympy-1.13.1-py3-none-any.whl.metadata (12 kB)
Collecting mpmath<1.4,>=1.1.0 (from sympy==1.13.1->torch)
  Downloading mpmath-1.3.0-py3-none-any.whl.metadata (8.6 kB)
Collecting MarkupSafe>=2.0 (from jinja2->torch)
  Downloading https://download.pytorch.org/whl/MarkupSafe-3.0.2-cp313-cp313-manylinux_2_17_x86_64.manylinux2014_x86_64.whl.metadata (4.0 kB)
Downloading https://download.pytorch.org/whl/cu124/torch-2.6.0%2Bcu124-cp313-cp313-linux_x86_64.whl (768.4 MB)
   ━━━━━━━━━━━━━━━━━━━━━━━━━━━━━━━━━━━━━━━━ 768.4/768.4 MB ?  0:02:07
Downloading https://download.pytorch.org/whl/cu124/nvidia_cusparselt_cu12-0.6.2-py3-none-manylinux2014_x86_64.whl (150.1 MB)
   ━━━━━━━━━━━━━━━━━━━━━━━━━━━━━━━━━━━━━━━━ 150.1/150.1 MB 5.8 MB/s  0:00:25
Downloading sympy-1.13.1-py3-none-any.whl (6.2 MB)
   ━━━━━━━━━━━━━━━━━━━━━━━━━━━━━━━━━━━━━━━━ 6.2/6.2 MB 5.7 MB/s  0:00:01
Downloading https://download.pytorch.org/whl/triton-3.2.0-cp313-cp313-manylinux_2_27_x86_64.manylinux_2_28_x86_64.whl (166.7 MB)
   ━━━━━━━━━━━━━━━━━━━━━━━━━━━━━━━━━━━━━━━━ 166.7/166.7 MB 5.7 MB/s  0:00:29
Downloading mpmath-1.3.0-py3-none-any.whl (536 kB)
   ━━━━━━━━━━━━━━━━━━━━━━━━━━━━━━━━━━━━━━━━ 536.2/536.2 kB 3.3 MB/s  0:00:00
Downloading https://download.pytorch.org/whl/typing_extensions-4.15.0-py3-none-any.whl (44 kB)
Downloading filelock-3.20.0-py3-none-any.whl (16 kB)
Downloading fsspec-2025.12.0-py3-none-any.whl (201 kB)
Downloading https://download.pytorch.org/whl/jinja2-3.1.6-py3-none-any.whl (134 kB)
Downloading https://download.pytorch.org/whl/MarkupSafe-3.0.2-cp313-cp313-manylinux_2_17_x86_64.manylinux2014_x86_64.whl (23 kB)
Downloading networkx-3.6.1-py3-none-any.whl (2.1 MB)
   ━━━━━━━━━━━━━━━━━━━━━━━━━━━━━━━━━━━━━━━━ 2.1/2.1 MB 5.0 MB/s  0:00:00
Installing collected packages: triton, nvidia-cusparselt-cu12, mpmath, typing-extensions, sympy, nvidia-nvtx-cu12, nvidia-nvjitlink-cu12, nvidia-nccl-cu12, nvidia-curand-cu12, nvidia-cufft-cu12, nvidia-cuda-runtime-cu12, nvidia-cuda-nvrtc-cu12, nvidia-cuda-cupti-cu12, nvidia-cublas-cu12, networkx, MarkupSafe, fsspec, filelock, nvidia-cusparse-cu12, nvidia-cudnn-cu12, jinja2, nvidia-cusolver-cu12, torch
  Attempting uninstall: nvidia-nccl-cu12
    Found existing installation: nvidia-nccl-cu12 2.29.7
    Uninstalling nvidia-nccl-cu12-2.29.7:
      Successfully uninstalled nvidia-nccl-cu12-2.29.7

Successfully installed MarkupSafe-3.0.2 filelock-3.20.0 fsspec-2025.12.0 jinja2-3.1.6 mpmath-1.3.0 networkx-3.6.1 nvidia-cublas-cu12-12.4.5.8 nvidia-cuda-cupti-cu12-12.4.127 nvidia-cuda-nvrtc-cu12-12.4.127 nvidia-cuda-runtime-cu12-12.4.127 nvidia-cudnn-cu12-9.1.0.70 nvidia-cufft-cu12-11.2.1.3 nvidia-curand-cu12-10.3.5.147 nvidia-cusolver-cu12-11.6.1.9 nvidia-cusparse-cu12-12.3.1.170 nvidia-cusparselt-cu12-0.6.2 nvidia-nccl-cu12-2.21.5 nvidia-nvjitlink-cu12-12.4.127 nvidia-nvtx-cu12-12.4.127 sympy-1.13.1 torch-2.6.0+cu124 triton-3.2.0 typing-extensions-4.15.0
[0]	validation_0-aucpr:0.99969
[100]	validation_0-aucpr:1.00000
[200]	validation_0-aucpr:1.00000
[300]	validation_0-aucpr:1.00000
[400]	validation_0-aucpr:1.00000
[500]	validation_0-aucpr:1.00000
[600]	validation_0-aucpr:1.00000
[700]	validation_0-aucpr:1.00000
[800]	validation_0-aucpr:1.00000
[900]	validation_0-aucpr:1.00000
[1000]	validation_0-aucpr:1.00000
[1100]	validation_0-aucpr:1.00000
[1199]	validation_0-aucpr:1.00000
/scratch/capstone15/ids-gpu-venv/lib/python3.13/site-packages/xgboost/core.py:751: UserWarning: [00:16:52] WARNING: /__w/xgboost/xgboost/src/common/error_msg.cc:62: Falling back to prediction using DMatrix due to mismatched devices. This might lead to higher memory usage and slower performance. XGBoost is running on: cuda:0, while the input data is on: cpu.
Potential solutions:
- Use a data structure that matches the device ordinal in the booster.
- Set the device for booster before call to inplace_predict.

This warning will only be shown once.

  return func(**kwargs)
Default metric period is 5 because AUC is/are not implemented for GPU
0:	test: 0.9996884	best: 0.9996884 (0)	total: 27ms	remaining: 40.5s
200:	test: 0.9999676	best: 0.9999676 (200)	total: 3.68s	remaining: 23.8s
400:	test: 0.9999765	best: 0.9999765 (400)	total: 7.36s	remaining: 20.2s
600:	test: 0.9999797	best: 0.9999797 (600)	total: 11s	remaining: 16.5s
800:	test: 0.9999816	best: 0.9999816 (790)	total: 14.7s	remaining: 12.8s
1000:	test: 0.9999828	best: 0.9999828 (1000)	total: 18.3s	remaining: 9.12s
1200:	test: 0.9999835	best: 0.9999835 (1180)	total: 21.9s	remaining: 5.46s
1400:	test: 0.9999842	best: 0.9999842 (1375)	total: 25.6s	remaining: 1.8s
1499:	test: 0.9999845	best: 0.9999845 (1499)	total: 27.3s	remaining: 0us
bestTest = 0.9999845028
bestIteration = 1499
/home/capstone15/scripts/train_full_gpu_models.py:211: RuntimeWarning: overflow encountered in exp
  test_proba = 1.0 / (1.0 + np.exp(-test_logits))
/scratch/capstone15/ids-gpu-venv/lib/python3.13/site-packages/sklearn/metrics/_ranking.py:442: UndefinedMetricWarning: Only one class is present in y_true. ROC AUC score is not defined in that case.
  warnings.warn(
/scratch/capstone15/ids-gpu-venv/lib/python3.13/site-packages/sklearn/metrics/_ranking.py:442: UndefinedMetricWarning: Only one class is present in y_true. ROC AUC score is not defined in that case.
  warnings.warn(
/scratch/capstone15/ids-gpu-venv/lib/python3.13/site-packages/sklearn/metrics/_ranking.py:1131: UserWarning: No positive class found in y_true, recall is set to one for all thresholds.
  warnings.warn(
/scratch/capstone15/ids-gpu-venv/lib/python3.13/site-packages/sklearn/metrics/_ranking.py:442: UndefinedMetricWarning: Only one class is present in y_true. ROC AUC score is not defined in that case.
  warnings.warn(
/scratch/capstone15/ids-gpu-venv/lib/python3.13/site-packages/sklearn/metrics/_ranking.py:442: UndefinedMetricWarning: Only one class is present in y_true. ROC AUC score is not defined in that case.
  warnings.warn(
/scratch/capstone15/ids-gpu-venv/lib/python3.13/site-packages/sklearn/metrics/_ranking.py:442: UndefinedMetricWarning: Only one class is present in y_true. ROC AUC score is not defined in that case.
  warnings.warn(
/scratch/capstone15/ids-gpu-venv/lib/python3.13/site-packages/sklearn/metrics/_ranking.py:442: UndefinedMetricWarning: Only one class is present in y_true. ROC AUC score is not defined in that case.
  warnings.warn(
/scratch/capstone15/ids-gpu-venv/lib/python3.13/site-packages/sklearn/metrics/_ranking.py:442: UndefinedMetricWarning: Only one class is present in y_true. ROC AUC score is not defined in that case.
  warnings.warn(
/scratch/capstone15/ids-gpu-venv/lib/python3.13/site-packages/sklearn/metrics/_ranking.py:442: UndefinedMetricWarning: Only one class is present in y_true. ROC AUC score is not defined in that case.
  warnings.warn(
/scratch/capstone15/ids-gpu-venv/lib/python3.13/site-packages/sklearn/metrics/_ranking.py:442: UndefinedMetricWarning: Only one class is present in y_true. ROC AUC score is not defined in that case.
  warnings.warn(
/scratch/capstone15/ids-gpu-venv/lib/python3.13/site-packages/sklearn/metrics/_ranking.py:442: UndefinedMetricWarning: Only one class is present in y_true. ROC AUC score is not defined in that case.
  warnings.warn(
/scratch/capstone15/ids-gpu-venv/lib/python3.13/site-packages/sklearn/metrics/_ranking.py:1131: UserWarning: No positive class found in y_true, recall is set to one for all thresholds.
  warnings.warn(
/scratch/capstone15/ids-gpu-venv/lib/python3.13/site-packages/sklearn/metrics/_ranking.py:442: UndefinedMetricWarning: Only one class is present in y_true. ROC AUC score is not defined in that case.
  warnings.warn(
/scratch/capstone15/ids-gpu-venv/lib/python3.13/site-packages/sklearn/metrics/_ranking.py:442: UndefinedMetricWarning: Only one class is present in y_true. ROC AUC score is not defined in that case.
  warnings.warn(
/scratch/capstone15/ids-gpu-venv/lib/python3.13/site-packages/sklearn/metrics/_ranking.py:442: UndefinedMetricWarning: Only one class is present in y_true. ROC AUC score is not defined in that case.
  warnings.warn(
/scratch/capstone15/ids-gpu-venv/lib/python3.13/site-packages/sklearn/metrics/_ranking.py:442: UndefinedMetricWarning: Only one class is present in y_true. ROC AUC score is not defined in that case.
  warnings.warn(
/scratch/capstone15/ids-gpu-venv/lib/python3.13/site-packages/sklearn/metrics/_ranking.py:442: UndefinedMetricWarning: Only one class is present in y_true. ROC AUC score is not defined in that case.
  warnings.warn(
/scratch/capstone15/ids-gpu-venv/lib/python3.13/site-packages/sklearn/metrics/_ranking.py:442: UndefinedMetricWarning: Only one class is present in y_true. ROC AUC score is not defined in that case.
  warnings.warn(
/scratch/capstone15/ids-gpu-venv/lib/python3.13/site-packages/sklearn/metrics/_ranking.py:442: UndefinedMetricWarning: Only one class is present in y_true. ROC AUC score is not defined in that case.
  warnings.warn(
/scratch/capstone15/ids-gpu-venv/lib/python3.13/site-packages/sklearn/metrics/_ranking.py:442: UndefinedMetricWarning: Only one class is present in y_true. ROC AUC score is not defined in that case.
  warnings.warn(
/scratch/capstone15/ids-gpu-venv/lib/python3.13/site-packages/sklearn/metrics/_ranking.py:1131: UserWarning: No positive class found in y_true, recall is set to one for all thresholds.
  warnings.warn(
/scratch/capstone15/ids-gpu-venv/lib/python3.13/site-packages/sklearn/metrics/_ranking.py:442: UndefinedMetricWarning: Only one class is present in y_true. ROC AUC score is not defined in that case.
  warnings.warn(
/scratch/capstone15/ids-gpu-venv/lib/python3.13/site-packages/sklearn/metrics/_ranking.py:442: UndefinedMetricWarning: Only one class is present in y_true. ROC AUC score is not defined in that case.
  warnings.warn(
/scratch/capstone15/ids-gpu-venv/lib/python3.13/site-packages/sklearn/metrics/_ranking.py:442: UndefinedMetricWarning: Only one class is present in y_true. ROC AUC score is not defined in that case.
  warnings.warn(
/scratch/capstone15/ids-gpu-venv/lib/python3.13/site-packages/sklearn/metrics/_ranking.py:442: UndefinedMetricWarning: Only one class is present in y_true. ROC AUC score is not defined in that case.
  warnings.warn(
/scratch/capstone15/ids-gpu-venv/lib/python3.13/site-packages/sklearn/metrics/_ranking.py:442: UndefinedMetricWarning: Only one class is present in y_true. ROC AUC score is not defined in that case.
  warnings.warn(
/scratch/capstone15/ids-gpu-venv/lib/python3.13/site-packages/sklearn/metrics/_ranking.py:442: UndefinedMetricWarning: Only one class is present in y_true. ROC AUC score is not defined in that case.
  warnings.warn(
/home/capstone15/reports/full_gpu_models_20260306_001638
